<?xml version="1.0" encoding="UTF-8"?>
<!-- Generated by org.testng.reporters.JUnitReportReporter -->
<testsuite hostname="Sunithas-MBP.hitronhub.home" name="Goopter.HomePageTest" tests="3" failures="0" timestamp="7 Jun 2018 17:29:43 GMT" time="100.463" errors="0">
  <testcase name="login" time="23.242" classname="Goopter.HomePageTest"/>
  <testcase name="TitleTest" time="74.083" classname="Goopter.HomePageTest"/>
  <testcase name="ImageTest" time="3.138" classname="Goopter.HomePageTest"/>
</testsuite> <!-- Goopter.HomePageTest -->
